2024-03-05 13:38:26,426 - INFO - Adding job tentatively -- it will be properly scheduled when the scheduler starts
2024-03-05 13:38:26,426 - INFO - Adding job tentatively -- it will be properly scheduled when the scheduler starts
2024-03-05 13:38:26,426 - DEBUG - Using selector: KqueueSelector
2024-03-05 13:38:26,427 - INFO - Added job "video_func" to job store "default"
2024-03-05 13:38:26,427 - INFO - Added job "text_func" to job store "default"
2024-03-05 13:38:26,427 - INFO - Scheduler started
2024-03-05 13:38:26,428 - DEBUG - Looking for jobs to run
2024-03-05 13:38:26,428 - DEBUG - Next wakeup is due at 2024-03-05 14:00:00+03:00 (in 1293.571909 seconds)
2024-03-05 13:38:26,428 - DEBUG - Make request: "getMe" with data: "{}" and files "None"
2024-03-05 13:38:26,583 - DEBUG - Response for getMe: [200] "'{"ok":true,"result":{"id":7086503954,"is_bot":true,"first_name":"\\u041c\\u0430\\u0440\\u0430\\u0444\\u043e\\u043d \\u00ab\\u041e\\u0434\\u043d\\u043e\\u0439 \\u043f\\u0440\\u0438\\u0432\\u044b\\u0447\\u043a\\u0438\\u00bb \\u043e\\u0442 \\u0418\\u0440\\u0438\\u043d\\u044b \\u0413\\u043b\\u0443\\u0448\\u043a\\u043e\\u0432\\u043e\\u0439","username":"OneHabitMarathon_bot","can_join_groups":true,"can_read_all_group_messages":false,"supports_inline_queries":false}}'"
2024-03-05 13:38:26,584 - INFO - Bot: Марафон «Одной привычки» от Ирины Глушковой [@OneHabitMarathon_bot]
2024-03-05 13:38:26,584 - INFO - Start polling.
2024-03-05 13:38:26,584 - DEBUG - Make request: "getWebhookInfo" with data: "{}" and files "None"
2024-03-05 13:38:26,630 - DEBUG - Response for getWebhookInfo: [200] "'{"ok":true,"result":{"url":"","has_custom_certificate":false,"pending_update_count":0}}'"
2024-03-05 13:38:26,630 - DEBUG - Make request: "getUpdates" with data: "{'timeout': 20}" and files "None"
2024-03-05 13:38:27,789 - DEBUG - Response for getUpdates: [200] "'{"ok":true,"result":[{"update_id":908712054,\n"message":{"message_id":460,"from":{"id":225529144,"is_bot":false,"first_name":"I","username":"igor_just_igor","language_code":"ru"},"chat":{"id":225529144,"first_name":"I","username":"igor_just_igor","type":"private"},"date":1709635107,"text":"/admin","entities":[{"offset":0,"length":6,"type":"bot_command"}]}}]}'"
2024-03-05 13:38:27,790 - DEBUG - Received 1 updates.
2024-03-05 13:38:27,791 - DEBUG - Make request: "sendMessage" with data: "{'chat_id': 225529144, 'text': 'Здравствуйте, выберите действие', 'reply_markup': '{"keyboard": [[{"text": "Посмотреть всех пользователей"}]], "resize_keyboard": true, "one_time_keyboard": false}'}" and files "None"
2024-03-05 13:38:27,891 - DEBUG - Make request: "getUpdates" with data: "{'offset': 908712055, 'timeout': 20}" and files "None"
2024-03-05 13:38:27,971 - DEBUG - Response for sendMessage: [200] "'{"ok":true,"result":{"message_id":461,"from":{"id":7086503954,"is_bot":true,"first_name":"\\u041c\\u0430\\u0440\\u0430\\u0444\\u043e\\u043d \\u00ab\\u041e\\u0434\\u043d\\u043e\\u0439 \\u043f\\u0440\\u0438\\u0432\\u044b\\u0447\\u043a\\u0438\\u00bb \\u043e\\u0442 \\u0418\\u0440\\u0438\\u043d\\u044b \\u0413\\u043b\\u0443\\u0448\\u043a\\u043e\\u0432\\u043e\\u0439","username":"OneHabitMarathon_bot"},"chat":{"id":225529144,"first_name":"I","username":"igor_just_igor","type":"private"},"date":1709635107,"text":"\\u0417\\u0434\\u0440\\u0430\\u0432\\u0441\\u0442\\u0432\\u0443\\u0439\\u0442\\u0435, \\u0432\\u044b\\u0431\\u0435\\u0440\\u0438\\u0442\\u0435 \\u0434\\u0435\\u0439\\u0441\\u0442\\u0432\\u0438\\u0435"}}'"
2024-03-05 13:38:28,538 - DEBUG - Response for getUpdates: [200] "'{"ok":true,"result":[{"update_id":908712055,\n"message":{"message_id":462,"from":{"id":225529144,"is_bot":false,"first_name":"I","username":"igor_just_igor","language_code":"ru"},"chat":{"id":225529144,"first_name":"I","username":"igor_just_igor","type":"private"},"date":1709635108,"text":"\\u041f\\u043e\\u0441\\u043c\\u043e\\u0442\\u0440\\u0435\\u0442\\u044c \\u0432\\u0441\\u0435\\u0445 \\u043f\\u043e\\u043b\\u044c\\u0437\\u043e\\u0432\\u0430\\u0442\\u0435\\u043b\\u0435\\u0439"}}]}'"
2024-03-05 13:38:28,539 - DEBUG - Received 1 updates.
2024-03-05 13:38:28,540 - DEBUG - Make request: "sendMessage" with data: "{'chat_id': 225529144, 'text': 'Всего пользователей: 2\n1. @igor_just_igor: I None \nДата подписки 2024-03-02 15:01:01. \nОтправлено сообщений: 0.\nОтправлено видео: 0\n\n2. @anton_bot_developer: Антон None \nДата подписки 2024-03-05 10:33:21. \nОтправлено сообщений: 0.\nОтправлено видео: 1\n\n'}" and files "None"
2024-03-05 13:38:28,639 - DEBUG - Make request: "getUpdates" with data: "{'offset': 908712056, 'timeout': 20}" and files "None"
2024-03-05 13:38:28,685 - DEBUG - Response for sendMessage: [200] "'{"ok":true,"result":{"message_id":463,"from":{"id":7086503954,"is_bot":true,"first_name":"\\u041c\\u0430\\u0440\\u0430\\u0444\\u043e\\u043d \\u00ab\\u041e\\u0434\\u043d\\u043e\\u0439 \\u043f\\u0440\\u0438\\u0432\\u044b\\u0447\\u043a\\u0438\\u00bb \\u043e\\u0442 \\u0418\\u0440\\u0438\\u043d\\u044b \\u0413\\u043b\\u0443\\u0448\\u043a\\u043e\\u0432\\u043e\\u0439","username":"OneHabitMarathon_bot"},"chat":{"id":225529144,"first_name":"I","username":"igor_just_igor","type":"private"},"date":1709635108,"text":"\\u0412\\u0441\\u0435\\u0433\\u043e \\u043f\\u043e\\u043b\\u044c\\u0437\\u043e\\u0432\\u0430\\u0442\\u0435\\u043b\\u0435\\u0439: 2\\n1. @igor_just_igor: I None \\n\\u0414\\u0430\\u0442\\u0430 \\u043f\\u043e\\u0434\\u043f\\u0438\\u0441\\u043a\\u0438 2024-03-02 15:01:01. \\n\\u041e\\u0442\\u043f\\u0440\\u0430\\u0432\\u043b\\u0435\\u043d\\u043e \\u0441\\u043e\\u043e\\u0431\\u0449\\u0435\\u043d\\u0438\\u0439: 0.\\n\\u041e\\u0442\\u043f\\u0440\\u0430\\u0432\\u043b\\u0435\\u043d\\u043e \\u0432\\u0438\\u0434\\u0435\\u043e: 0\\n\\n2. @anton_bot_developer: \\u0410\\u043d\\u0442\\u043e\\u043d None \\n\\u0414\\u0430\\u0442\\u0430 \\u043f\\u043e\\u0434\\u043f\\u0438\\u0441\\u043a\\u0438 2024-03-05 10:33:21. \\n\\u041e\\u0442\\u043f\\u0440\\u0430\\u0432\\u043b\\u0435\\u043d\\u043e \\u0441\\u043e\\u043e\\u0431\\u0449\\u0435\\u043d\\u0438\\u0439: 0.\\n\\u041e\\u0442\\u043f\\u0440\\u0430\\u0432\\u043b\\u0435\\u043d\\u043e \\u0432\\u0438\\u0434\\u0435\\u043e: 1","entities":[{"offset":26,"length":15,"type":"mention"},{"offset":136,"length":20,"type":"mention"}]}}'"
2024-03-05 13:38:37,666 - INFO - Stop polling...
2024-03-05 13:38:37,669 - WARNING - Goodbye!
